TN:
SF:src/index.js
FN:6,random4digithex
FN:7,randomuuid
FN:11,create
FN:20,Object.<anonymous>.module.exports
FN:32,handleNewSocket
FN:60,_send
FN:71,connect
FN:85,listen
FN:93,close
FN:106,findNodeId
FN:152,send
FN:170,sendPacket
FN:178,broadcast
FN:182,direct
FN:186,sendEncodedMessage
FN:194,messageEncode
FN:206,messageDecode
FN:212,getOutputPath
FN:216,writeByteStreamToFile
FN:266,neighbors
FN:267,listeningPort
FNF:21
FNH:5
FNDA:80,random4digithex
FNDA:10,randomuuid
FNDA:0,create
FNDA:10,Object.<anonymous>.module.exports
FNDA:0,handleNewSocket
FNDA:0,_send
FNDA:2,connect
FNDA:8,listen
FNDA:0,close
FNDA:0,findNodeId
FNDA:0,send
FNDA:0,sendPacket
FNDA:0,broadcast
FNDA:0,direct
FNDA:0,sendEncodedMessage
FNDA:0,messageEncode
FNDA:0,messageDecode
FNDA:0,getOutputPath
FNDA:0,writeByteStreamToFile
FNDA:0,neighbors
FNDA:0,listeningPort
DA:1,1
DA:2,1
DA:3,1
DA:4,1
DA:5,1
DA:6,1
DA:7,1
DA:8,1
DA:9,1
DA:10,1
DA:11,1
DA:12,0
DA:13,0
DA:14,0
DA:15,0
DA:16,0
DA:17,0
DA:18,1
DA:19,1
DA:20,1
DA:21,10
DA:22,10
DA:23,10
DA:24,10
DA:25,10
DA:26,10
DA:27,10
DA:28,10
DA:29,10
DA:30,10
DA:31,10
DA:32,10
DA:33,0
DA:34,0
DA:35,0
DA:36,0
DA:37,0
DA:38,0
DA:39,0
DA:40,0
DA:41,0
DA:42,0
DA:43,0
DA:44,0
DA:45,0
DA:46,0
DA:47,0
DA:48,0
DA:49,0
DA:50,0
DA:51,0
DA:52,10
DA:53,10
DA:54,10
DA:55,10
DA:56,10
DA:57,10
DA:58,10
DA:59,10
DA:60,10
DA:61,0
DA:62,0
DA:63,0
DA:64,0
DA:65,0
DA:66,0
DA:67,0
DA:68,10
DA:69,10
DA:70,10
DA:71,10
DA:72,2
DA:73,2
DA:74,2
DA:75,0
DA:76,0
DA:77,2
DA:78,2
DA:79,2
DA:80,2
DA:81,2
DA:82,10
DA:83,10
DA:84,10
DA:85,10
DA:86,8
DA:87,8
DA:88,8
DA:89,10
DA:90,10
DA:91,10
DA:92,10
DA:93,10
DA:94,0
DA:95,0
DA:96,0
DA:97,0
DA:98,0
DA:99,10
DA:100,10
DA:101,10
DA:102,10
DA:103,10
DA:104,10
DA:105,10
DA:106,10
DA:107,0
DA:108,0
DA:109,0
DA:110,0
DA:111,0
DA:112,10
DA:113,10
DA:114,10
DA:115,10
DA:116,0
DA:117,10
DA:118,10
DA:119,10
DA:120,10
DA:121,10
DA:122,0
DA:123,0
DA:124,0
DA:125,0
DA:126,0
DA:127,0
DA:128,0
DA:129,0
DA:130,0
DA:131,0
DA:132,0
DA:133,0
DA:134,0
DA:135,0
DA:136,0
DA:137,0
DA:138,0
DA:139,10
DA:140,10
DA:141,10
DA:142,0
DA:143,0
DA:144,0
DA:145,0
DA:146,0
DA:147,0
DA:148,10
DA:149,10
DA:150,10
DA:151,10
DA:152,10
DA:153,0
DA:154,0
DA:155,0
DA:156,0
DA:157,0
DA:158,0
DA:159,0
DA:160,0
DA:161,10
DA:162,10
DA:163,10
DA:164,10
DA:165,10
DA:166,10
DA:167,10
DA:168,10
DA:169,10
DA:170,10
DA:171,0
DA:172,0
DA:173,0
DA:174,10
DA:175,10
DA:176,10
DA:177,10
DA:178,10
DA:179,0
DA:180,10
DA:181,10
DA:182,10
DA:183,0
DA:184,10
DA:185,10
DA:186,10
DA:187,0
DA:188,0
DA:189,0
DA:190,10
DA:191,10
DA:192,10
DA:193,10
DA:194,10
DA:195,0
DA:196,0
DA:197,0
DA:198,0
DA:199,0
DA:200,0
DA:201,0
DA:202,10
DA:203,10
DA:204,10
DA:205,10
DA:206,10
DA:207,0
DA:208,0
DA:209,0
DA:210,10
DA:211,10
DA:212,10
DA:213,0
DA:214,0
DA:215,10
DA:216,10
DA:217,0
DA:218,0
DA:219,0
DA:220,0
DA:221,0
DA:222,0
DA:223,0
DA:224,0
DA:225,0
DA:226,0
DA:227,10
DA:228,10
DA:229,10
DA:230,10
DA:231,0
DA:232,0
DA:233,0
DA:234,0
DA:235,0
DA:236,0
DA:237,0
DA:238,0
DA:239,0
DA:240,0
DA:241,0
DA:242,0
DA:243,0
DA:244,0
DA:245,0
DA:246,0
DA:247,0
DA:248,0
DA:249,0
DA:250,0
DA:251,0
DA:252,0
DA:253,0
DA:254,0
DA:255,0
DA:256,10
DA:257,10
DA:258,10
DA:259,10
DA:260,10
DA:261,10
DA:262,10
DA:263,10
DA:264,10
DA:265,10
DA:266,10
DA:267,10
DA:268,10
DA:269,10
LF:269
LH:138
BRDA:6,0,0,80
BRDA:7,1,0,10
BRDA:7,2,0,80
BRDA:20,3,0,10
BRDA:71,4,0,2
BRDA:85,5,0,8
BRF:6
BRH:6
end_of_record
TN:
SF:src/split-stream.js
FN:5,Object.<anonymous>.module.exports
FNF:1
FNH:0
FNDA:0,Object.<anonymous>.module.exports
DA:1,1
DA:2,1
DA:3,1
DA:4,1
DA:5,1
DA:6,0
DA:7,0
DA:8,0
DA:9,0
DA:10,0
DA:11,0
DA:12,0
DA:13,0
DA:14,0
DA:15,0
DA:16,0
DA:17,0
DA:18,0
DA:19,0
DA:20,0
DA:21,0
DA:22,0
DA:23,0
DA:24,0
DA:25,0
DA:26,0
DA:27,0
DA:28,0
DA:29,0
DA:30,0
DA:31,0
DA:32,0
DA:33,0
DA:34,0
DA:35,0
DA:36,0
DA:37,0
DA:38,1
LF:38
LH:6
BRF:0
BRH:0
end_of_record
